<?xml version="1.0" encoding="UTF-8"?>
<!-- Generated by org.testng.reporters.JUnitReportReporter -->
<testsuite hostname="LAPTOP-3R3NJTB7" failures="0" tests="1" name="Practice.ProgramTest" time="0.000" errors="0" timestamp="2025-03-13T12:46:22 IST" skipped="0">
  <testcase classname="Practice.ProgramTest" name="testCase" time="0.000"/>
</testsuite> <!-- Practice.ProgramTest -->
