<?xml version="1.0" encoding="UTF-8"?>
<!-- Generated by org.testng.reporters.JUnitReportReporter -->
<testsuite hostname="MAA15-CG2203PH8" failures="0" tests="3" name="TestNG_Practice.Program" time="15.383" errors="0" timestamp="2024-12-22T11:15:38 IST" skipped="0">
  <testcase classname="TestNG_Practice.Program" name="testCase2" time="4.289"/>
  <system-out/>
  <testcase classname="TestNG_Practice.Program" name="testCase1" time="6.686"/>
  <system-out/>
  <testcase classname="TestNG_Practice.Program" name="testcase3" time="4.408"/>
  <system-out/>
</testsuite> <!-- TestNG_Practice.Program -->
