<?xml version="1.0" encoding="UTF-8"?>
<!-- Generated by org.testng.reporters.JUnitReportReporter -->
<testsuite hostname="MAA15-CG2203PH8" failures="0" tests="1" name="TestNG_Practice.Program3" time="22.099" errors="0" timestamp="2024-11-24T12:15:25 IST" skipped="0">
  <testcase classname="TestNG_Practice.Program3" name="testCaset" time="22.099"/>
  <system-out/>
</testsuite> <!-- TestNG_Practice.Program3 -->
